[2024-09-17T15:41:04.612Z][QUERY]: SELECT * FROM current_schema()
[2024-09-17T15:41:05.419Z][QUERY]: SELECT version();
[2024-09-17T15:41:05.425Z][QUERY]: SELECT * FROM "information_schema"."tables" WHERE "table_schema" = 'public' AND "table_name" = 'migration_table'
[2024-09-17T15:41:05.433Z][QUERY]: CREATE TABLE "migration_table" ("id" SERIAL NOT NULL, "timestamp" bigint NOT NULL, "name" character varying NOT NULL, CONSTRAINT "PK_2d2bf943d1902493395c05a4762" PRIMARY KEY ("id"))
[2024-09-17T15:41:05.461Z][QUERY]: SELECT * FROM "migration_table" "migration_table" ORDER BY "id" DESC
[2024-09-17T15:41:05.463Z]0 migrations are already loaded in the database.
[2024-09-17T15:41:05.463Z]1 migrations were found in the source code.
[2024-09-17T15:41:05.464Z]1 migrations are new migrations must be executed.
[2024-09-17T15:41:05.464Z][QUERY]: START TRANSACTION
[2024-09-17T15:41:05.466Z][QUERY]: CREATE TABLE "menus" ("id" SERIAL NOT NULL, "nombre" character varying(100) NOT NULL, "url" character varying(100) NOT NULL, "orden" integer NOT NULL, "deshabilitado" boolean NOT NULL DEFAULT false, "createdAt" TIMESTAMP NOT NULL DEFAULT now(), "updatedAt" TIMESTAMP DEFAULT now(), "menu_padre_id" integer, CONSTRAINT "PK_3fec3d93327f4538e0cbd4349c4" PRIMARY KEY ("id"))
[2024-09-17T15:41:05.470Z][QUERY]: CREATE TABLE "menus-roles" ("id_rol" integer NOT NULL, "id_menu" integer NOT NULL, CONSTRAINT "PK_a90dcd40a5e83f41d0f5239080c" PRIMARY KEY ("id_rol", "id_menu"))
[2024-09-17T15:41:05.473Z][QUERY]: CREATE TABLE "roles" ("id" SERIAL NOT NULL, "nombre" character varying(100) NOT NULL, "deshabilitado" boolean NOT NULL DEFAULT false, "createdAt" TIMESTAMP NOT NULL DEFAULT now(), "updatedAt" TIMESTAMP DEFAULT now(), CONSTRAINT "PK_c1433d71a4838793a49dcad46ab" PRIMARY KEY ("id"))
[2024-09-17T15:41:05.477Z][QUERY]: CREATE TABLE "usuarios" ("id" SERIAL NOT NULL, "nombre" character varying(100) NOT NULL, "apellido" character varying(100) NOT NULL, "dni" integer NOT NULL, "email" character varying(100) NOT NULL, "contrasenia" character varying(100) NOT NULL, "especialidad" character varying(100), "fe_nacimiento" date NOT NULL, "deshabilitado" boolean NOT NULL DEFAULT false, "createdAt" TIMESTAMP NOT NULL DEFAULT now(), "updatedAt" TIMESTAMP DEFAULT now(), CONSTRAINT "UQ_3fd196cb306bed4b2a2e7c34154" UNIQUE ("dni"), CONSTRAINT "PK_d7281c63c176e152e4c531594a8" PRIMARY KEY ("id"))
[2024-09-17T15:41:05.485Z][QUERY]: CREATE TABLE "usuarios-roles" ("id_rol" integer NOT NULL, "id_usuario" integer NOT NULL, CONSTRAINT "PK_c19760fa93f292690cb3cebaf5d" PRIMARY KEY ("id_rol", "id_usuario"))
[2024-09-17T15:41:05.489Z][QUERY]: ALTER TABLE "menus" ADD CONSTRAINT "FK_a561ecaa1a6534e2a13365cf60f" FOREIGN KEY ("menu_padre_id") REFERENCES "menus"("id") ON DELETE NO ACTION ON UPDATE NO ACTION
[2024-09-17T15:41:05.493Z][QUERY]: ALTER TABLE "menus-roles" ADD CONSTRAINT "FK_c9c78c0c81318445f8a5fd1eafe" FOREIGN KEY ("id_rol") REFERENCES "roles"("id") ON DELETE NO ACTION ON UPDATE NO ACTION
[2024-09-17T15:41:05.495Z][QUERY]: ALTER TABLE "menus-roles" ADD CONSTRAINT "FK_a1f9698125ae1c672a9a0e35fde" FOREIGN KEY ("id_menu") REFERENCES "menus"("id") ON DELETE NO ACTION ON UPDATE NO ACTION
[2024-09-17T15:41:05.497Z][QUERY]: ALTER TABLE "usuarios-roles" ADD CONSTRAINT "FK_08808e092349d1852c6ef79521b" FOREIGN KEY ("id_rol") REFERENCES "roles"("id") ON DELETE NO ACTION ON UPDATE NO ACTION
[2024-09-17T15:41:05.499Z][QUERY]: ALTER TABLE "usuarios-roles" ADD CONSTRAINT "FK_ac61b09aaf9f413818e5c206689" FOREIGN KEY ("id_usuario") REFERENCES "usuarios"("id") ON DELETE NO ACTION ON UPDATE NO ACTION
[2024-09-17T15:41:05.502Z][QUERY]: INSERT INTO "migration_table"("timestamp", "name") VALUES ($1, $2) -- PARAMETERS: [1726587582511,"SchemaUpdate1726587582511"]
[2024-09-17T15:41:05.505Z]Migration SchemaUpdate1726587582511 has been  executed successfully.
[2024-09-17T15:41:05.506Z][QUERY]: COMMIT
